<?xml version="1.0" encoding="UTF-8"?>
<testng-results skipped="0" failed="0" ignored="0" total="0" passed="0">
  <reporter-output>
  </reporter-output>
  <suite name="com.sportingbull.en.runner.TestRunner" duration-ms="3" started-at="2023-08-06T14:21:33Z" finished-at="2023-08-06T14:21:33Z">
    <groups>
    </groups>
    <test name="Command line test" duration-ms="3" started-at="2023-08-06T14:21:33Z" finished-at="2023-08-06T14:21:33Z">
    </test> <!-- Command line test -->
  </suite> <!-- com.sportingbull.en.runner.TestRunner -->
</testng-results>
